  12_main.c
C:\Users\문신욱\Desktop\Testfile\25Programming-1st\SBSprogramming1\25Programming-1st\25Programming-1st\SBSprogramming1\a12_이차원 배열\12_main.c(180,2): error C2449: 파일 범위에 '{'가 있습니다. 함수 헤더가 없는 것 같습니다.
C:\Users\문신욱\Desktop\Testfile\25Programming-1st\SBSprogramming1\25Programming-1st\25Programming-1st\SBSprogramming1\a12_이차원 배열\12_main.c(248,2): error C2059: 구문 오류: '}'
